Generated: ../data/woc-120-tsplib-1ac0c01d.in
AJME 0
DONE PREPROCESS
DONE PREPROCESS
DONE PREPROCESS
DONE PREPROCESS
DONE PREPROCESS
DONE PREPROCESS
DONE PREPROCESS
Step 1: convert_format.py
Step 2: 2sat
Step 3: merge.py
Step 4: cryptominisat5
UNSAT
Pipeline finished successfully
Generated: ../data/woc-120-tsplib-1ac0c01d.in
AJME 0
DONE PREPROCESS
DONE PREPROCESS
DONE PREPROCESS
DONE PREPROCESS
DONE PREPROCESS
DONE PREPROCESS
DONE PREPROCESS
Step 1: convert_format.py
Step 2: 2sat
Step 3: merge.py
Step 4: cryptominisat5
UNSAT
Pipeline finished successfully
Generated: ../data/woc-120-tsplib-1ac0c01d.in
AJME 0
DONE PREPROCESS
DONE PREPROCESS
DONE PREPROCESS
DONE PREPROCESS
DONE PREPROCESS
DONE PREPROCESS
DONE PREPROCESS
Step 1: convert_format.py
Step 2: 2sat
Step 3: merge.py
Step 4: cryptominisat5
UNSAT
Pipeline finished successfully
Generated: ../data/woc-120-tsplib-1ac0c01d.in
AJME 0
DONE PREPROCESS
DONE PREPROCESS
DONE PREPROCESS
DONE PREPROCESS
DONE PREPROCESS
DONE PREPROCESS
DONE PREPROCESS
Step 1: convert_format.py
Step 2: 2sat
Step 3: merge.py
Step 4: cryptominisat5
UNSAT
Pipeline finished successfully
Generated: ../data/woc-120-tsplib-1ac0c01d.in
AJME 0
DONE PREPROCESS
DONE PREPROCESS
DONE PREPROCESS
DONE PREPROCESS
DONE PREPROCESS
DONE PREPROCESS
DONE PREPROCESS
Step 1: convert_format.py
Step 2: 2sat
Step 3: merge.py
Step 4: cryptominisat5
UNSAT
Pipeline finished successfully
Generated: ../data/woc-120-tsplib-1ac0c01d.in
AJME 0
DONE PREPROCESS
DONE PREPROCESS
DONE PREPROCESS
DONE PREPROCESS
DONE PREPROCESS
DONE PREPROCESS
DONE PREPROCESS
Step 1: convert_format.py
Step 2: 2sat
Step 3: merge.py
Step 4: cryptominisat5
UNSAT
Pipeline finished successfully
Generated: ../data/woc-120-tsplib-1ac0c01d.in
AJME 0
DONE PREPROCESS
DONE PREPROCESS
DONE PREPROCESS
DONE PREPROCESS
DONE PREPROCESS
DONE PREPROCESS
DONE PREPROCESS
Step 1: convert_format.py
Step 2: 2sat
Step 3: merge.py
Step 4: cryptominisat5
UNSAT
Pipeline finished successfully
Generated: ../data/woc-120-tsplib-1ac0c01d.in
AJME 0
DONE PREPROCESS
DONE PREPROCESS
DONE PREPROCESS
DONE PREPROCESS
DONE PREPROCESS
DONE PREPROCESS
DONE PREPROCESS
Step 1: convert_format.py
Step 2: 2sat
Step 3: merge.py
Step 4: cryptominisat5
UNSAT
Pipeline finished successfully
Generated: ../data/woc-120-tsplib-1ac0c01d.in
AJME 0
DONE PREPROCESS
DONE PREPROCESS
DONE PREPROCESS
DONE PREPROCESS
DONE PREPROCESS
DONE PREPROCESS
DONE PREPROCESS
Step 1: convert_format.py
Step 2: 2sat
Step 3: merge.py
Step 4: cryptominisat5
UNSAT
Pipeline finished successfully
Generated: ../data/woc-120-tsplib-1ac0c01d.in
AJME 0
DONE PREPROCESS
DONE PREPROCESS
DONE PREPROCESS
DONE PREPROCESS
DONE PREPROCESS
DONE PREPROCESS
DONE PREPROCESS
Step 1: convert_format.py
Step 2: 2sat
Step 3: merge.py
Step 4: cryptominisat5
UNSAT
Pipeline finished successfully
Generated: ../data/woc-120-tsplib-1ac0c01d.in
AJME 0
DONE PREPROCESS
DONE PREPROCESS
DONE PREPROCESS
DONE PREPROCESS
DONE PREPROCESS
DONE PREPROCESS
DONE PREPROCESS
Step 1: convert_format.py
Step 2: 2sat
Step 3: merge.py
Step 4: cryptominisat5
UNSAT
Pipeline finished successfully
Generated: ../data/woc-120-tsplib-1ac0c01d.in
AJME 0
DONE PREPROCESS
DONE PREPROCESS
DONE PREPROCESS
DONE PREPROCESS
DONE PREPROCESS
DONE PREPROCESS
DONE PREPROCESS
Step 1: convert_format.py
Step 2: 2sat
Step 3: merge.py
Step 4: cryptominisat5
UNSAT
Pipeline finished successfully
Step 0: run_all.py
Step 0: run_all.py
Step 0: run_all.py
Step 0: run_all.py
Step 0: run_all.py
Step 0: run_all.py
Step 0: run_all.py
Step 0: run_all.py
Step 0: run_all.py
Step 0: run_all.py
Step 0: run_all.py
Step 0: run_all.py
